mode: set
github.com/finkabaj/hyde-bot/cmd/hyde-bot/hyde_bot.go:25.13,29.16 3 0
github.com/finkabaj/hyde-bot/cmd/hyde-bot/hyde_bot.go:29.16,31.3 1 0
github.com/finkabaj/hyde-bot/cmd/hyde-bot/hyde_bot.go:33.2,35.16 2 0
github.com/finkabaj/hyde-bot/cmd/hyde-bot/hyde_bot.go:35.16,37.3 1 0
github.com/finkabaj/hyde-bot/cmd/hyde-bot/hyde_bot.go:40.13,45.61 3 0
github.com/finkabaj/hyde-bot/cmd/hyde-bot/hyde_bot.go:45.61,47.3 1 0
github.com/finkabaj/hyde-bot/cmd/hyde-bot/hyde_bot.go:49.2,55.16 4 0
github.com/finkabaj/hyde-bot/cmd/hyde-bot/hyde_bot.go:55.16,57.3 1 0
github.com/finkabaj/hyde-bot/cmd/hyde-bot/hyde_bot.go:59.2,61.16 2 0
github.com/finkabaj/hyde-bot/cmd/hyde-bot/hyde_bot.go:61.16,63.3 1 0
github.com/finkabaj/hyde-bot/cmd/hyde-bot/hyde_bot.go:65.2,65.62 1 0
github.com/finkabaj/hyde-bot/cmd/hyde-bot/hyde_bot.go:65.62,67.3 1 0
github.com/finkabaj/hyde-bot/cmd/hyde-bot/hyde_bot.go:69.2,71.16 2 0
github.com/finkabaj/hyde-bot/cmd/hyde-bot/hyde_bot.go:71.16,73.3 1 0
github.com/finkabaj/hyde-bot/cmd/hyde-bot/hyde_bot.go:75.2,75.23 1 0
github.com/finkabaj/hyde-bot/cmd/hyde-bot/hyde_bot.go:75.23,78.17 2 0
github.com/finkabaj/hyde-bot/cmd/hyde-bot/hyde_bot.go:78.17,80.4 1 0
github.com/finkabaj/hyde-bot/cmd/hyde-bot/hyde_bot.go:82.3,82.37 1 0
github.com/finkabaj/hyde-bot/cmd/hyde-bot/hyde_bot.go:83.8,85.3 1 0
github.com/finkabaj/hyde-bot/cmd/hyde-bot/hyde_bot.go:87.2,94.21 6 0
github.com/finkabaj/hyde-bot/cmd/hyde-bot/hyde_bot.go:94.21,97.41 2 0
github.com/finkabaj/hyde-bot/cmd/hyde-bot/hyde_bot.go:97.41,98.30 1 0
github.com/finkabaj/hyde-bot/cmd/hyde-bot/hyde_bot.go:98.30,99.30 1 0
github.com/finkabaj/hyde-bot/cmd/hyde-bot/hyde_bot.go:99.30,100.14 1 0
github.com/finkabaj/hyde-bot/cmd/hyde-bot/hyde_bot.go:103.5,105.19 2 0
github.com/finkabaj/hyde-bot/cmd/hyde-bot/hyde_bot.go:105.19,107.6 1 0
github.com/finkabaj/hyde-bot/cmd/hyde-bot/hyde_bot.go:108.5,108.71 1 0
github.com/finkabaj/hyde-bot/cmd/hyde-bot/hyde_bot.go:113.2,113.30 1 0
github.com/finkabaj/hyde-bot/cmd/api/api.go:18.13,21.16 2 0
github.com/finkabaj/hyde-bot/cmd/api/api.go:21.16,24.3 2 0
github.com/finkabaj/hyde-bot/cmd/api/api.go:26.2,28.16 2 0
github.com/finkabaj/hyde-bot/cmd/api/api.go:28.16,31.3 2 0
github.com/finkabaj/hyde-bot/cmd/api/api.go:33.2,37.39 3 0
github.com/finkabaj/hyde-bot/cmd/api/api.go:37.39,39.3 1 0
github.com/finkabaj/hyde-bot/cmd/api/api.go:39.8,39.45 1 0
github.com/finkabaj/hyde-bot/cmd/api/api.go:39.45,41.3 1 0
github.com/finkabaj/hyde-bot/cmd/api/api.go:43.2,54.53 4 0
github.com/finkabaj/hyde-bot/cmd/api/api.go:54.53,56.3 1 0
github.com/finkabaj/hyde-bot/cmd/api/api.go:58.2,58.41 1 0
github.com/finkabaj/hyde-bot/cmd/api/api.go:58.41,60.3 1 0
github.com/finkabaj/hyde-bot/cmd/api/api.go:62.2,72.58 8 0
github.com/finkabaj/hyde-bot/internals/backend/middleware/validate_json.go:17.13,19.66 2 0
github.com/finkabaj/hyde-bot/internals/backend/middleware/validate_json.go:19.66,22.18 2 0
github.com/finkabaj/hyde-bot/internals/backend/middleware/validate_json.go:22.18,24.4 1 0
github.com/finkabaj/hyde-bot/internals/backend/middleware/validate_json.go:26.3,26.14 1 0
github.com/finkabaj/hyde-bot/internals/backend/middleware/validate_json.go:33.60,34.46 1 0
github.com/finkabaj/hyde-bot/internals/backend/middleware/validate_json.go:34.46,35.72 1 0
github.com/finkabaj/hyde-bot/internals/backend/middleware/validate_json.go:35.72,41.60 4 0
github.com/finkabaj/hyde-bot/internals/backend/middleware/validate_json.go:41.60,47.5 2 0
github.com/finkabaj/hyde-bot/internals/backend/middleware/validate_json.go:49.4,49.45 1 0
github.com/finkabaj/hyde-bot/internals/backend/middleware/validate_json.go:49.45,51.56 2 0
github.com/finkabaj/hyde-bot/internals/backend/middleware/validate_json.go:51.56,53.6 1 0
github.com/finkabaj/hyde-bot/internals/backend/middleware/validate_json.go:55.5,60.11 2 0
github.com/finkabaj/hyde-bot/internals/backend/middleware/validate_json.go:63.4,64.41 2 0
github.com/finkabaj/hyde-bot/internals/backend/mocks/events_service_mock.go:14.48,16.2 1 0
github.com/finkabaj/hyde-bot/internals/backend/mocks/events_service_mock.go:18.85,23.24 3 0
github.com/finkabaj/hyde-bot/internals/backend/mocks/events_service_mock.go:23.24,25.3 1 0
github.com/finkabaj/hyde-bot/internals/backend/mocks/events_service_mock.go:27.2,27.26 1 0
github.com/finkabaj/hyde-bot/internals/backend/mocks/events_service_mock.go:30.72,34.24 3 0
github.com/finkabaj/hyde-bot/internals/backend/mocks/events_service_mock.go:34.24,36.3 1 0
github.com/finkabaj/hyde-bot/internals/backend/mocks/events_service_mock.go:38.2,38.26 1 0
github.com/finkabaj/hyde-bot/internals/backend/mocks/logger_mock.go:12.34,14.2 1 0
github.com/finkabaj/hyde-bot/internals/backend/mocks/logger_mock.go:16.68,17.2 0 0
github.com/finkabaj/hyde-bot/internals/backend/mocks/logger_mock.go:19.68,20.2 0 0
github.com/finkabaj/hyde-bot/internals/backend/mocks/logger_mock.go:22.67,23.2 0 0
github.com/finkabaj/hyde-bot/internals/backend/mocks/logger_mock.go:25.72,26.2 0 0
github.com/finkabaj/hyde-bot/internals/backend/mocks/logger_mock.go:28.73,29.2 0 0
github.com/finkabaj/hyde-bot/internals/backend/services/events_service.go:19.53,20.15 1 0
github.com/finkabaj/hyde-bot/internals/backend/services/events_service.go:20.15,24.3 1 0
github.com/finkabaj/hyde-bot/internals/backend/services/events_service.go:25.2,25.11 1 0
github.com/finkabaj/hyde-bot/internals/backend/services/events_service.go:28.81,29.49 1 0
github.com/finkabaj/hyde-bot/internals/backend/services/events_service.go:29.49,31.3 1 0
github.com/finkabaj/hyde-bot/internals/backend/services/events_service.go:31.8,31.21 1 0
github.com/finkabaj/hyde-bot/internals/backend/services/events_service.go:31.21,33.3 1 0
github.com/finkabaj/hyde-bot/internals/backend/services/events_service.go:35.2,37.22 2 0
github.com/finkabaj/hyde-bot/internals/backend/services/events_service.go:40.68,44.2 2 0
github.com/finkabaj/hyde-bot/internals/commands/commands.go:25.42,26.31 1 0
github.com/finkabaj/hyde-bot/internals/commands/commands.go:26.31,30.3 1 0
github.com/finkabaj/hyde-bot/internals/commands/commands.go:31.2,31.27 1 0
github.com/finkabaj/hyde-bot/internals/commands/commands.go:34.62,37.39 2 0
github.com/finkabaj/hyde-bot/internals/commands/commands.go:37.39,39.3 1 0
github.com/finkabaj/hyde-bot/internals/commands/commands.go:41.2,41.102 1 0
github.com/finkabaj/hyde-bot/internals/commands/commands.go:41.102,43.3 1 0
github.com/finkabaj/hyde-bot/internals/commands/commands.go:45.2,45.104 1 0
github.com/finkabaj/hyde-bot/internals/commands/commands.go:45.104,47.3 1 0
github.com/finkabaj/hyde-bot/internals/commands/commands.go:51.171,58.41 2 0
github.com/finkabaj/hyde-bot/internals/commands/commands.go:58.41,60.3 1 0
github.com/finkabaj/hyde-bot/internals/commands/commands.go:62.2,62.49 1 0
github.com/finkabaj/hyde-bot/internals/commands/commands.go:62.49,65.3 2 0
github.com/finkabaj/hyde-bot/internals/commands/commands.go:67.2,67.42 1 0
github.com/finkabaj/hyde-bot/internals/commands/commands.go:71.85,73.34 1 0
github.com/finkabaj/hyde-bot/internals/commands/commands.go:73.34,74.25 1 0
github.com/finkabaj/hyde-bot/internals/commands/commands.go:74.25,77.18 2 0
github.com/finkabaj/hyde-bot/internals/commands/commands.go:77.18,79.5 1 0
github.com/finkabaj/hyde-bot/internals/commands/commands.go:81.4,81.25 1 0
github.com/finkabaj/hyde-bot/internals/commands/commands.go:84.2,84.8 1 0
github.com/finkabaj/hyde-bot/internals/commands/commands.go:88.132,91.16 2 0
github.com/finkabaj/hyde-bot/internals/commands/commands.go:91.16,93.3 1 0
github.com/finkabaj/hyde-bot/internals/commands/commands.go:95.2,97.9 2 0
github.com/finkabaj/hyde-bot/internals/commands/commands.go:97.9,101.3 3 0
github.com/finkabaj/hyde-bot/internals/commands/commands.go:103.2,106.8 3 0
github.com/finkabaj/hyde-bot/internals/commands/commands.go:110.130,113.16 2 0
github.com/finkabaj/hyde-bot/internals/commands/commands.go:113.16,115.3 1 0
github.com/finkabaj/hyde-bot/internals/commands/commands.go:117.2,119.9 2 0
github.com/finkabaj/hyde-bot/internals/commands/commands.go:119.9,123.3 3 0
github.com/finkabaj/hyde-bot/internals/commands/commands.go:125.2,128.8 3 0
github.com/finkabaj/hyde-bot/internals/commands/delete.go:28.81,36.9 5 0
github.com/finkabaj/hyde-bot/internals/commands/delete.go:36.9,38.3 1 0
github.com/finkabaj/hyde-bot/internals/commands/delete.go:40.2,42.67 2 0
github.com/finkabaj/hyde-bot/internals/commands/delete.go:42.67,43.30 1 0
github.com/finkabaj/hyde-bot/internals/commands/delete.go:43.30,45.4 1 0
github.com/finkabaj/hyde-bot/internals/commands/delete.go:45.9,47.4 1 0
github.com/finkabaj/hyde-bot/internals/commands/delete.go:50.2,50.19 1 0
github.com/finkabaj/hyde-bot/internals/commands/delete.go:50.19,53.17 2 0
github.com/finkabaj/hyde-bot/internals/commands/delete.go:53.17,56.4 2 0
github.com/finkabaj/hyde-bot/internals/commands/delete.go:58.3,59.30 2 0
github.com/finkabaj/hyde-bot/internals/commands/delete.go:62.2,71.16 2 0
github.com/finkabaj/hyde-bot/internals/commands/delete.go:71.16,73.3 1 0
github.com/finkabaj/hyde-bot/internals/commands/help.go:20.79,25.46 3 0
github.com/finkabaj/hyde-bot/internals/commands/help.go:25.46,28.10 2 0
github.com/finkabaj/hyde-bot/internals/commands/help.go:28.10,31.11 2 0
github.com/finkabaj/hyde-bot/internals/commands/help.go:31.11,32.13 1 0
github.com/finkabaj/hyde-bot/internals/commands/help.go:36.3,36.23 1 0
github.com/finkabaj/hyde-bot/internals/commands/help.go:36.23,38.4 1 0
github.com/finkabaj/hyde-bot/internals/commands/help.go:41.2,50.16 2 0
github.com/finkabaj/hyde-bot/internals/commands/help.go:50.16,52.3 1 0
github.com/finkabaj/hyde-bot/internals/db/postgresql/postgresql.go:20.42,21.34 1 0
github.com/finkabaj/hyde-bot/internals/db/postgresql/postgresql.go:21.34,23.3 1 0
github.com/finkabaj/hyde-bot/internals/db/postgresql/postgresql.go:25.2,29.16 3 0
github.com/finkabaj/hyde-bot/internals/db/postgresql/postgresql.go:29.16,31.3 1 0
github.com/finkabaj/hyde-bot/internals/db/postgresql/postgresql.go:33.2,33.15 1 0
github.com/finkabaj/hyde-bot/internals/db/postgresql/postgresql.go:33.15,34.17 1 0
github.com/finkabaj/hyde-bot/internals/db/postgresql/postgresql.go:34.17,36.4 1 0
github.com/finkabaj/hyde-bot/internals/db/postgresql/postgresql.go:39.2,46.16 2 0
github.com/finkabaj/hyde-bot/internals/db/postgresql/postgresql.go:46.16,49.3 2 0
github.com/finkabaj/hyde-bot/internals/db/postgresql/postgresql.go:51.2,58.16 2 0
github.com/finkabaj/hyde-bot/internals/db/postgresql/postgresql.go:58.16,61.3 2 0
github.com/finkabaj/hyde-bot/internals/db/postgresql/postgresql.go:63.2,74.16 2 0
github.com/finkabaj/hyde-bot/internals/db/postgresql/postgresql.go:74.16,77.3 2 0
github.com/finkabaj/hyde-bot/internals/db/postgresql/postgresql.go:79.2,81.8 2 0
github.com/finkabaj/hyde-bot/internals/db/postgresql/postgresql.go:84.78,88.16 3 0
github.com/finkabaj/hyde-bot/internals/db/postgresql/postgresql.go:88.16,90.3 1 0
github.com/finkabaj/hyde-bot/internals/db/postgresql/postgresql.go:92.2,94.8 2 0
github.com/finkabaj/hyde-bot/internals/db/postgresql/postgresql.go:97.30,99.2 1 0
github.com/finkabaj/hyde-bot/internals/db/postgresql/postgresql.go:101.43,105.2 2 0
github.com/finkabaj/hyde-bot/internals/db/postgresql/postgresql.go:107.79,119.16 6 0
github.com/finkabaj/hyde-bot/internals/db/postgresql/postgresql.go:119.16,121.3 1 0
github.com/finkabaj/hyde-bot/internals/db/postgresql/postgresql.go:123.2,125.26 2 0
github.com/finkabaj/hyde-bot/internals/db/postgresql/postgresql.go:125.26,127.3 1 0
github.com/finkabaj/hyde-bot/internals/db/postgresql/postgresql.go:127.8,127.23 1 0
github.com/finkabaj/hyde-bot/internals/db/postgresql/postgresql.go:127.23,129.3 1 0
github.com/finkabaj/hyde-bot/internals/db/postgresql/postgresql.go:131.2,131.23 1 0
github.com/finkabaj/hyde-bot/internals/db/postgresql/postgresql.go:134.69,144.16 6 0
github.com/finkabaj/hyde-bot/internals/db/postgresql/postgresql.go:144.16,146.3 1 0
github.com/finkabaj/hyde-bot/internals/db/postgresql/postgresql.go:148.2,150.26 2 0
github.com/finkabaj/hyde-bot/internals/db/postgresql/postgresql.go:150.26,152.3 1 0
github.com/finkabaj/hyde-bot/internals/db/postgresql/postgresql.go:152.8,152.23 1 0
github.com/finkabaj/hyde-bot/internals/db/postgresql/postgresql.go:152.23,154.3 1 0
github.com/finkabaj/hyde-bot/internals/db/postgresql/postgresql.go:156.2,156.25 1 0
github.com/finkabaj/hyde-bot/internals/logger/logger.go:27.41,33.26 5 0
github.com/finkabaj/hyde-bot/internals/logger/logger.go:33.26,41.3 3 0
github.com/finkabaj/hyde-bot/internals/logger/logger.go:41.8,45.3 3 0
github.com/finkabaj/hyde-bot/internals/logger/logger.go:47.2,47.19 1 0
github.com/finkabaj/hyde-bot/internals/logger/logger.go:47.19,55.3 1 0
github.com/finkabaj/hyde-bot/internals/logger/logger.go:57.2,57.15 1 0
github.com/finkabaj/hyde-bot/internals/logger/logger.go:61.56,62.21 1 0
github.com/finkabaj/hyde-bot/internals/logger/logger.go:62.21,64.3 1 0
github.com/finkabaj/hyde-bot/internals/logger/logger.go:64.8,66.3 1 0
github.com/finkabaj/hyde-bot/internals/logger/logger.go:70.56,71.21 1 0
github.com/finkabaj/hyde-bot/internals/logger/logger.go:71.21,73.3 1 0
github.com/finkabaj/hyde-bot/internals/logger/logger.go:73.8,75.3 1 0
github.com/finkabaj/hyde-bot/internals/logger/logger.go:79.55,80.21 1 0
github.com/finkabaj/hyde-bot/internals/logger/logger.go:80.21,82.3 1 0
github.com/finkabaj/hyde-bot/internals/logger/logger.go:82.8,84.3 1 0
github.com/finkabaj/hyde-bot/internals/logger/logger.go:88.60,89.21 1 0
github.com/finkabaj/hyde-bot/internals/logger/logger.go:89.21,91.3 1 0
github.com/finkabaj/hyde-bot/internals/logger/logger.go:91.8,93.3 1 0
github.com/finkabaj/hyde-bot/internals/logger/logger.go:96.61,97.21 1 0
github.com/finkabaj/hyde-bot/internals/logger/logger.go:97.21,99.3 1 0
github.com/finkabaj/hyde-bot/internals/logger/logger.go:99.8,101.3 1 0
github.com/finkabaj/hyde-bot/internals/logger/logger.go:105.44,107.2 1 0
github.com/finkabaj/hyde-bot/internals/logger/logger.go:110.44,112.2 1 0
github.com/finkabaj/hyde-bot/internals/logger/logger.go:115.43,117.2 1 0
github.com/finkabaj/hyde-bot/internals/logger/logger.go:120.48,122.2 1 0
github.com/finkabaj/hyde-bot/internals/logger/logger.go:125.49,127.2 1 0
github.com/finkabaj/hyde-bot/internals/events/delete_reaction.go:12.68,15.9 2 0
github.com/finkabaj/hyde-bot/internals/events/delete_reaction.go:15.9,18.3 2 0
github.com/finkabaj/hyde-bot/internals/events/delete_reaction.go:20.2,22.14 2 0
github.com/finkabaj/hyde-bot/internals/events/delete_reaction.go:22.14,24.3 1 0
github.com/finkabaj/hyde-bot/internals/events/events.go:23.38,24.15 1 0
github.com/finkabaj/hyde-bot/internals/events/events.go:24.15,28.3 1 0
github.com/finkabaj/hyde-bot/internals/events/events.go:29.2,29.11 1 0
github.com/finkabaj/hyde-bot/internals/events/events.go:32.49,35.39 2 0
github.com/finkabaj/hyde-bot/internals/events/events.go:35.39,37.3 1 0
github.com/finkabaj/hyde-bot/internals/events/events.go:39.2,41.63 3 0
github.com/finkabaj/hyde-bot/internals/events/events.go:46.102,53.40 2 0
github.com/finkabaj/hyde-bot/internals/events/events.go:53.40,55.3 1 0
github.com/finkabaj/hyde-bot/internals/events/events.go:57.2,57.39 1 0
github.com/finkabaj/hyde-bot/internals/events/events.go:62.100,63.39 1 0
github.com/finkabaj/hyde-bot/internals/events/events.go:63.39,65.37 2 0
github.com/finkabaj/hyde-bot/internals/events/events.go:65.37,67.4 1 0
github.com/finkabaj/hyde-bot/internals/events/events.go:72.78,76.51 3 0
github.com/finkabaj/hyde-bot/internals/events/events.go:76.51,77.53 1 0
github.com/finkabaj/hyde-bot/internals/events/events.go:77.53,79.4 1 0
github.com/finkabaj/hyde-bot/internals/events/events.go:79.9,79.61 1 0
github.com/finkabaj/hyde-bot/internals/events/events.go:79.61,81.4 1 0
github.com/finkabaj/hyde-bot/internals/events/events.go:86.45,87.22 1 0
github.com/finkabaj/hyde-bot/internals/events/events.go:88.36,89.29 1 0
github.com/finkabaj/hyde-bot/internals/events/events.go:90.32,91.25 1 0
github.com/finkabaj/hyde-bot/internals/events/events.go:92.32,93.25 1 0
github.com/finkabaj/hyde-bot/internals/events/events.go:94.32,95.25 1 0
github.com/finkabaj/hyde-bot/internals/events/events.go:96.37,97.30 1 0
github.com/finkabaj/hyde-bot/internals/events/events.go:98.40,99.33 1 0
github.com/finkabaj/hyde-bot/internals/events/events.go:100.30,101.23 1 0
github.com/finkabaj/hyde-bot/internals/events/events.go:102.10,103.12 1 0
github.com/finkabaj/hyde-bot/internals/events/events.go:108.43,109.27 1 0
github.com/finkabaj/hyde-bot/internals/events/events.go:110.36,111.31 1 0
github.com/finkabaj/hyde-bot/internals/events/events.go:112.32,113.19 1 0
github.com/finkabaj/hyde-bot/internals/events/events.go:114.32,115.19 1 0
github.com/finkabaj/hyde-bot/internals/events/events.go:116.32,117.19 1 0
github.com/finkabaj/hyde-bot/internals/events/events.go:118.37,119.19 1 0
github.com/finkabaj/hyde-bot/internals/events/events.go:120.40,121.19 1 0
github.com/finkabaj/hyde-bot/internals/events/events.go:122.30,123.14 1 0
github.com/finkabaj/hyde-bot/internals/events/events.go:124.10,125.12 1 0
github.com/finkabaj/hyde-bot/internals/events/guild_create.go:16.65,19.9 2 0
github.com/finkabaj/hyde-bot/internals/events/guild_create.go:19.9,23.3 3 0
github.com/finkabaj/hyde-bot/internals/events/guild_create.go:25.2,32.16 3 0
github.com/finkabaj/hyde-bot/internals/events/guild_create.go:32.16,34.3 1 0
github.com/finkabaj/hyde-bot/internals/events/guild_create.go:36.2,41.16 4 0
github.com/finkabaj/hyde-bot/internals/events/guild_create.go:41.16,44.3 2 0
github.com/finkabaj/hyde-bot/internals/events/guild_create.go:46.2,51.37 4 0
github.com/finkabaj/hyde-bot/internals/events/interaction_create.go:10.71,15.55 3 0
github.com/finkabaj/hyde-bot/internals/events/interaction_create.go:15.55,18.10 2 0
github.com/finkabaj/hyde-bot/internals/events/interaction_create.go:18.10,20.4 1 0
github.com/finkabaj/hyde-bot/internals/events/interaction_create.go:22.3,22.10 1 0
github.com/finkabaj/hyde-bot/internals/events/interaction_create.go:22.10,31.18 2 0
github.com/finkabaj/hyde-bot/internals/events/interaction_create.go:31.18,33.5 1 0
github.com/finkabaj/hyde-bot/internals/events/interaction_create.go:36.3,37.62 2 0
github.com/finkabaj/hyde-bot/internals/utils/command/interaction.go:10.97,20.16 2 0
github.com/finkabaj/hyde-bot/internals/utils/command/interaction.go:20.16,23.3 2 0
github.com/finkabaj/hyde-bot/internals/utils/command/interaction.go:25.2,25.39 1 0
github.com/finkabaj/hyde-bot/internals/utils/command/interaction.go:25.39,27.3 1 0
github.com/finkabaj/hyde-bot/internals/utils/command/interaction.go:30.66,31.55 1 0
github.com/finkabaj/hyde-bot/internals/utils/command/interaction.go:31.55,34.61 2 0
github.com/finkabaj/hyde-bot/internals/utils/command/interaction.go:34.61,36.4 1 0
github.com/finkabaj/hyde-bot/internals/utils/command/interaction.go:38.3,43.4 1 0
github.com/finkabaj/hyde-bot/internals/utils/command/interaction.go:46.2,49.3 1 0
github.com/finkabaj/hyde-bot/internals/utils/common/common.go:16.59,20.2 2 0
github.com/finkabaj/hyde-bot/internals/utils/common/common.go:23.72,29.2 4 0
github.com/finkabaj/hyde-bot/internals/utils/common/error.go:26.62,32.2 1 0
github.com/finkabaj/hyde-bot/internals/utils/common/error.go:34.74,37.2 2 0
github.com/finkabaj/hyde-bot/internals/utils/common/error.go:39.99,42.2 2 0
github.com/finkabaj/hyde-bot/internals/utils/common/error.go:44.70,47.2 2 0
github.com/finkabaj/hyde-bot/internals/utils/common/error.go:51.72,52.33 1 0
github.com/finkabaj/hyde-bot/internals/utils/common/error.go:52.33,54.3 1 0
github.com/finkabaj/hyde-bot/internals/utils/common/error.go:56.2,58.8 2 0
github.com/finkabaj/hyde-bot/internals/utils/common/error.go:61.53,63.2 1 0
github.com/finkabaj/hyde-bot/internals/backend/controllers/commands_controller.go:15.65,16.31 1 0
github.com/finkabaj/hyde-bot/internals/backend/controllers/commands_controller.go:16.31,18.3 1 0
github.com/finkabaj/hyde-bot/internals/backend/controllers/commands_controller.go:19.2,19.27 1 0
github.com/finkabaj/hyde-bot/internals/backend/controllers/commands_controller.go:22.62,24.2 1 1
github.com/finkabaj/hyde-bot/internals/backend/controllers/commands_controller.go:26.60,28.2 1 1
github.com/finkabaj/hyde-bot/internals/backend/controllers/events_controller.go:23.90,24.29 1 1
github.com/finkabaj/hyde-bot/internals/backend/controllers/events_controller.go:24.29,29.3 1 1
github.com/finkabaj/hyde-bot/internals/backend/controllers/events_controller.go:30.2,30.25 1 1
github.com/finkabaj/hyde-bot/internals/backend/controllers/events_controller.go:33.60,34.44 1 1
github.com/finkabaj/hyde-bot/internals/backend/controllers/events_controller.go:34.44,37.3 2 1
github.com/finkabaj/hyde-bot/internals/backend/controllers/events_controller.go:40.79,45.35 3 1
github.com/finkabaj/hyde-bot/internals/backend/controllers/events_controller.go:45.35,51.3 2 0
github.com/finkabaj/hyde-bot/internals/backend/controllers/events_controller.go:51.8,51.23 1 1
github.com/finkabaj/hyde-bot/internals/backend/controllers/events_controller.go:51.23,57.3 3 0
github.com/finkabaj/hyde-bot/internals/backend/controllers/events_controller.go:59.2,59.77 1 1
github.com/finkabaj/hyde-bot/internals/backend/controllers/events_controller.go:59.77,64.3 2 0
github.com/finkabaj/hyde-bot/internals/backend/controllers/events_controller.go:67.78,72.16 3 1
github.com/finkabaj/hyde-bot/internals/backend/controllers/events_controller.go:72.16,78.3 3 1
github.com/finkabaj/hyde-bot/internals/backend/controllers/events_controller.go:80.2,80.14 1 1
github.com/finkabaj/hyde-bot/internals/backend/controllers/events_controller.go:80.14,86.3 2 1
github.com/finkabaj/hyde-bot/internals/backend/controllers/events_controller.go:88.2,88.65 1 1
github.com/finkabaj/hyde-bot/internals/backend/controllers/events_controller.go:88.65,93.3 2 0
github.com/finkabaj/hyde-bot/internals/backend/middleware/validate_json.go:17.13,19.66 2 1
github.com/finkabaj/hyde-bot/internals/backend/middleware/validate_json.go:19.66,22.18 2 1
github.com/finkabaj/hyde-bot/internals/backend/middleware/validate_json.go:22.18,24.4 1 0
github.com/finkabaj/hyde-bot/internals/backend/middleware/validate_json.go:26.3,26.14 1 1
github.com/finkabaj/hyde-bot/internals/backend/middleware/validate_json.go:33.60,34.46 1 1
github.com/finkabaj/hyde-bot/internals/backend/middleware/validate_json.go:34.46,35.72 1 1
github.com/finkabaj/hyde-bot/internals/backend/middleware/validate_json.go:35.72,41.60 4 1
github.com/finkabaj/hyde-bot/internals/backend/middleware/validate_json.go:41.60,47.5 2 1
github.com/finkabaj/hyde-bot/internals/backend/middleware/validate_json.go:49.4,49.45 1 1
github.com/finkabaj/hyde-bot/internals/backend/middleware/validate_json.go:49.45,51.56 2 1
github.com/finkabaj/hyde-bot/internals/backend/middleware/validate_json.go:51.56,53.6 1 1
github.com/finkabaj/hyde-bot/internals/backend/middleware/validate_json.go:55.5,60.11 2 1
github.com/finkabaj/hyde-bot/internals/backend/middleware/validate_json.go:63.4,64.41 2 1
github.com/finkabaj/hyde-bot/internals/backend/mocks/events_service_mock.go:14.48,16.2 1 1
github.com/finkabaj/hyde-bot/internals/backend/mocks/events_service_mock.go:18.85,23.24 3 1
github.com/finkabaj/hyde-bot/internals/backend/mocks/events_service_mock.go:23.24,25.3 1 1
github.com/finkabaj/hyde-bot/internals/backend/mocks/events_service_mock.go:27.2,27.26 1 1
github.com/finkabaj/hyde-bot/internals/backend/mocks/events_service_mock.go:30.72,34.24 3 1
github.com/finkabaj/hyde-bot/internals/backend/mocks/events_service_mock.go:34.24,36.3 1 1
github.com/finkabaj/hyde-bot/internals/backend/mocks/events_service_mock.go:38.2,38.26 1 1
github.com/finkabaj/hyde-bot/internals/backend/mocks/logger_mock.go:12.34,14.2 1 1
github.com/finkabaj/hyde-bot/internals/backend/mocks/logger_mock.go:16.68,17.2 0 0
github.com/finkabaj/hyde-bot/internals/backend/mocks/logger_mock.go:19.68,20.2 0 1
github.com/finkabaj/hyde-bot/internals/backend/mocks/logger_mock.go:22.67,23.2 0 0
github.com/finkabaj/hyde-bot/internals/backend/mocks/logger_mock.go:25.72,26.2 0 0
github.com/finkabaj/hyde-bot/internals/backend/mocks/logger_mock.go:28.73,29.2 0 0
github.com/finkabaj/hyde-bot/internals/backend/services/events_service.go:19.53,20.15 1 0
github.com/finkabaj/hyde-bot/internals/backend/services/events_service.go:20.15,24.3 1 0
github.com/finkabaj/hyde-bot/internals/backend/services/events_service.go:25.2,25.11 1 0
github.com/finkabaj/hyde-bot/internals/backend/services/events_service.go:28.81,29.49 1 0
github.com/finkabaj/hyde-bot/internals/backend/services/events_service.go:29.49,31.3 1 0
github.com/finkabaj/hyde-bot/internals/backend/services/events_service.go:31.8,31.21 1 0
github.com/finkabaj/hyde-bot/internals/backend/services/events_service.go:31.21,33.3 1 0
github.com/finkabaj/hyde-bot/internals/backend/services/events_service.go:35.2,37.22 2 0
github.com/finkabaj/hyde-bot/internals/backend/services/events_service.go:40.68,44.2 2 0
github.com/finkabaj/hyde-bot/internals/logger/logger.go:27.41,33.26 5 0
github.com/finkabaj/hyde-bot/internals/logger/logger.go:33.26,41.3 3 0
github.com/finkabaj/hyde-bot/internals/logger/logger.go:41.8,45.3 3 0
github.com/finkabaj/hyde-bot/internals/logger/logger.go:47.2,47.19 1 0
github.com/finkabaj/hyde-bot/internals/logger/logger.go:47.19,55.3 1 0
github.com/finkabaj/hyde-bot/internals/logger/logger.go:57.2,57.15 1 0
github.com/finkabaj/hyde-bot/internals/logger/logger.go:61.56,62.21 1 0
github.com/finkabaj/hyde-bot/internals/logger/logger.go:62.21,64.3 1 0
github.com/finkabaj/hyde-bot/internals/logger/logger.go:64.8,66.3 1 0
github.com/finkabaj/hyde-bot/internals/logger/logger.go:70.56,71.21 1 0
github.com/finkabaj/hyde-bot/internals/logger/logger.go:71.21,73.3 1 0
github.com/finkabaj/hyde-bot/internals/logger/logger.go:73.8,75.3 1 0
github.com/finkabaj/hyde-bot/internals/logger/logger.go:79.55,80.21 1 0
github.com/finkabaj/hyde-bot/internals/logger/logger.go:80.21,82.3 1 0
github.com/finkabaj/hyde-bot/internals/logger/logger.go:82.8,84.3 1 0
github.com/finkabaj/hyde-bot/internals/logger/logger.go:88.60,89.21 1 0
github.com/finkabaj/hyde-bot/internals/logger/logger.go:89.21,91.3 1 0
github.com/finkabaj/hyde-bot/internals/logger/logger.go:91.8,93.3 1 0
github.com/finkabaj/hyde-bot/internals/logger/logger.go:96.61,97.21 1 0
github.com/finkabaj/hyde-bot/internals/logger/logger.go:97.21,99.3 1 0
github.com/finkabaj/hyde-bot/internals/logger/logger.go:99.8,101.3 1 0
github.com/finkabaj/hyde-bot/internals/logger/logger.go:105.44,107.2 1 0
github.com/finkabaj/hyde-bot/internals/logger/logger.go:110.44,112.2 1 0
github.com/finkabaj/hyde-bot/internals/logger/logger.go:115.43,117.2 1 0
github.com/finkabaj/hyde-bot/internals/logger/logger.go:120.48,122.2 1 0
github.com/finkabaj/hyde-bot/internals/logger/logger.go:125.49,127.2 1 0
github.com/finkabaj/hyde-bot/internals/utils/common/common.go:16.59,20.2 2 1
github.com/finkabaj/hyde-bot/internals/utils/common/common.go:23.72,29.2 4 1
github.com/finkabaj/hyde-bot/internals/utils/common/error.go:26.62,32.2 1 1
github.com/finkabaj/hyde-bot/internals/utils/common/error.go:34.74,37.2 2 1
github.com/finkabaj/hyde-bot/internals/utils/common/error.go:39.99,42.2 2 1
github.com/finkabaj/hyde-bot/internals/utils/common/error.go:44.70,47.2 2 1
github.com/finkabaj/hyde-bot/internals/utils/common/error.go:51.72,52.33 1 1
github.com/finkabaj/hyde-bot/internals/utils/common/error.go:52.33,54.3 1 0
github.com/finkabaj/hyde-bot/internals/utils/common/error.go:56.2,58.8 2 1
github.com/finkabaj/hyde-bot/internals/utils/common/error.go:61.53,63.2 1 1
